bla bla
bla bla
bla bla
bla bla
bla bla
bla bla
bla blabla bla
bla bla
bla blabla bla
bla bla
bla blabla bla
bla blabla bla
bla bla
bla blabla bla
bla bla
bla bla
bla blabla bla
bla bla
bla bla
bla bla
bla blabla bla
bla bla
bla bla
a blabla bla
bla bla
bla bla


bla bla
bla bla
tomer
bla bla
bla bla
bla bla
bla blabla bla
bla bla
bla bla
a blabla bla
bla bla
bla bla
Test2

tomer
bla bla
bla bla
bla bla
bla blabla bla
bla bla
bla bla
a blabla bla
bla bla
bla bla
Test2
tomer avni
la bla
Test2
tomer avni
tomer avni
tomer avni
tomer avn
tomer avni
tomer avn
tomer avn
Test!
tomer avn
tomer avn
Test!
Test!
Test!
Tome!
Log second
